You are using pip version 10.0.1, however version 19.3.1 is available.
You should consider upgrading via the 'pip install --upgrade pip' command.
rivate/var/folders/t8/ddtqsj2x7nl6z_q4hkpvvntx91nq_z/T/pip-install-lrZvRH
Collecting pypandoc~=1.3.0
  1 location(s) to search for versions of pypandoc:
  * https://pypi.org/simple/pypandoc/
  Getting page https://pypi.org/simple/pypandoc/
  Looking up "https://pypi.org/simple/pypandoc/" in the cache
  Current age based on date: 58750
  Freshness lifetime from max-age: 600
  Freshness lifetime from request max-age: 600
  Starting new HTTPS connection (1): pypi.org
  https://pypi.org:443 "GET /simple/pypandoc/ HTTP/1.1" 304 0
  Analyzing links from page https://pypi.org/simple/pypandoc/
    Found link https://files.pythonhosted.org/packages/61/e5/964313e0aaecf7a4fb27c59caff1e06ec021b08d0f773fcd7aec819960be/pypandoc-0.5.0.tar.gz#sha256=4770ebe8c0e9d4ea23eb9ce49cc22796e725d366cf6cb91dca53599ecdf8820d (from https://pypi.org/simple/pypandoc/), version: 0.5.0
    Found link https://files.pythonhosted.org/packages/1c/f3/6951df42c19b3c537b5124175de9a02201c48940d47c692fb36cca9401f5/pypandoc-0.5.1.tar.gz#sha256=303de0aedfd0d895649a2a69d5ee5b4acef29bd895f002e54f71170310586759 (from https://pypi.org/simple/pypandoc/), version: 0.5.1
    Found link https://files.pythonhosted.org/packages/b8/f0/39d9dc72a7344386be159fb0ef4584d8494048de4a401a3e7d2452070bb5/pypandoc-0.5.2.tar.gz#sha256=175dc34b0b9df31cb51d8c960c8435ea89d6ae2c8108cc98bd66ae6038d5368d (from https://pypi.org/simple/pypandoc/), version: 0.5.2
    Found link https://files.pythonhosted.org/packages/97/b9/a6dc5010829ee1657f4edc9154fe66fde846e9384fc76c40343fcb97ba35/pypandoc-0.5.3.tar.gz#sha256=e3179da87b4f966cc54bb6232d7c3a59be143cccec382b0a9615706e5fa7994a (from https://pypi.org/simple/pypandoc/), version: 0.5.3
    Found link https://files.pythonhosted.org/packages/75/65/f6912ebf89517b85e83cb3c52bd6566fb30cce08a3b527accd16296ae6a1/pypandoc-0.6.0.tar.gz#sha256=b26fe53a425066a0997fc810dcdf26083e584d8652e0a189d8a7ee8dedafd031 (from https://pypi.org/simple/pypandoc/), version: 0.6.0
    Found link https://files.pythonhosted.org/packages/c2/08/29b56928230cff95bd1984aab4afb63a8d334cb903d1c6a8222e39fd9b2f/pypandoc-0.7.0.tar.gz#sha256=a2ea07073e0857b2e8675f2b0809c0ac225f0f9209ed8e1e42aef5cd291be61d (from https://pypi.org/simple/pypandoc/), version: 0.7.0
    Found link https://files.pythonhosted.org/packages/79/b7/48a3074b97ba49650c9b17144c06b5ac09f283d59bb9fffd45af342f36f6/pypandoc-0.7.1.tar.gz#sha256=e448bb88a839451b855ee21a4c79361267fe1b6a7a1520c8f3c8a759aa4b1dc5 (from https://pypi.org/simple/pypandoc/), version: 0.7.1
    Found link https://files.pythonhosted.org/packages/2a/f8/0ffc00a781b1fc5fa85b99ff0192b202a55e8cb3c382329be4b9c3daec1a/pypandoc-0.8.0.tar.gz#sha256=2840440b57f01a9b21d5ec4f8931dab74a314f9b31b10639b2cda07dc675436b (from https://pypi.org/simple/pypandoc/), version: 0.8.0
    Found link https://files.pythonhosted.org/packages/b5/26/1e665261fe697ded15bf18d14db2997121ecc308c958f0d3cbb3a0110c94/pypandoc-0.8.1.tar.gz#sha256=0684d3a074ea191701d794c8a0497573da11439c06e9e4c6459ecd2d6826a7c6 (from https://pypi.org/simple/pypandoc/), version: 0.8.1
    Found link https://files.pythonhosted.org/packages/22/e8/498cce60306adcc0b693364054f63441119b086ad5aedd8bc34d13b425b2/pypandoc-0.8.2.tar.gz#sha256=0ae6fa97442883e9c457a4bcbea642a8d832791d1ec8e84e4aca528a10d78425 (from https://pypi.org/simple/pypandoc/), version: 0.8.2
    Found link https://files.pythonhosted.org/packages/68/f9/13598ae1822399ef45847be74d5e27414611bea84372f7db28cee4bd7b82/pypandoc-0.8.3.tar.gz#sha256=75d28fa4ace7918fe33e57c55b26aa423555c669d1cdb243d829c1b7650391e6 (from https://pypi.org/simple/pypandoc/), version: 0.8.3
    Found link https://files.pythonhosted.org/packages/4a/e6/7556eea517b009a8526dcd84e40005ecd6154f12819256d2b35cc0580c1c/pypandoc-0.8.4.tar.gz#sha256=b40441bf1e4b958b0805aee68e11aa86b362d0ba3e8cedebbb698223d4e63f00 (from https://pypi.org/simple/pypandoc/), version: 0.8.4
    Found link https://files.pythonhosted.org/packages/29/eb/36bcc24c70ea9fe148e360f6542203f6b8f1afe37107f8f4c2fe7c5ad083/pypandoc-0.8.5.tar.gz#sha256=c16975c21055e5a3b2eb16017aba8d9aef1f54ba79394e86eeaabbb381b53f4c (from https://pypi.org/simple/pypandoc/), version: 0.8.5
    Found link https://files.pythonhosted.org/packages/7c/1a/6d69ba0e2084ab4f477dbf6dd547d9ac1ffb5a0ecf3efe402c3502695a27/pypandoc-0.8.6.tar.gz#sha256=35a2d02d1e231e3ec646152ca904885139e35e74f1c9a621a374d1a7f8d7e4c1 (from https://pypi.org/simple/pypandoc/), version: 0.8.6
    Found link https://files.pythonhosted.org/packages/ab/79/fd7901f754ce56979405c6092b8e7d4210c42ee2fdd5961bba9544d7665f/pypandoc-0.9.0.tar.gz#sha256=53b3e40af3a27180e475b9cc4a584d9d9e050466380632d2535e26277ab9841a (from https://pypi.org/simple/pypandoc/), version: 0.9.0
    Found link https://files.pythonhosted.org/packages/61/fc/39a445884a3d36679e44a6b0aef39866439517b427ed081fbd985a98f5c8/pypandoc-0.9.1.tar.gz#sha256=2d9cf210db9703fa6174c7f2419eaef99fd32f2e7300a6d0245951173972956b (from https://pypi.org/simple/pypandoc/), version: 0.9.1
    Found link https://files.pythonhosted.org/packages/61/46/818153d8b83a10eef6961dc191213fc41dfa7a8c4a3ef5a3c4ffc04bf610/pypandoc-0.9.2.tar.gz#sha256=de816c1bd8d3b896c0944f980fe0a8775ac699b6bae1704783e6562ce5f3eb8f (from https://pypi.org/simple/pypandoc/), version: 0.9.2
    Found link https://files.pythonhosted.org/packages/c9/ac/06114781f6f2e61f132b1c8e94c980d3fcfdb3fb0492a010b69ec69d472e/pypandoc-0.9.3.tar.gz#sha256=a2c79cc9bae4a80d83de1c43e11d81a75af4247213c4d38d5678f78eec4cd383 (from https://pypi.org/simple/pypandoc/), version: 0.9.3
    Found link https://files.pythonhosted.org/packages/d8/4e/4fe74ea6725e4fd3a39dfe4795d96a87551bf69c0e342d6fa745f08ae3c9/pypandoc-0.9.4.tar.gz#sha256=62b26faf83b54c523427495f1dab9d54e27ad7e45b09a9443d828c853474a692 (from https://pypi.org/simple/pypandoc/), version: 0.9.4
    Found link https://files.pythonhosted.org/packages/8d/00/5cd0d750db53d9ce18d3bc5ddb36407495d292d49f3d968bd9b50e3c177f/pypandoc-0.9.5.tar.gz#sha256=6d72190aa6f6333d4c46302fe2ee3996df383aa5f9975d344f2b842165ceb7eb (from https://pypi.org/simple/pypandoc/), version: 0.9.5
    Found link https://files.pythonhosted.org/packages/e9/21/56aefe3cadff9ed3feb5b48c776faa90e2f555505d1973214d9211bf036c/pypandoc-0.9.6.tar.gz#sha256=7f5d581ea4b7051a8aefd3571df6f4a7e00dbcf5e62386d293addf8f2040cb65 (from https://pypi.org/simple/pypandoc/), version: 0.9.6
    Found link https://files.pythonhosted.org/packages/65/cb/f1eab51fd7c5030387cbdd3fe9c519803889fe75e7f26e95c6376cb4a356/pypandoc-0.9.7.tar.gz#sha256=1523ff1b9569215c850223155e470c04046469e4ea3e1ca2ace34a4958c6fc34 (from https://pypi.org/simple/pypandoc/), version: 0.9.7
    Found link https://files.pythonhosted.org/packages/ad/dd/f4daa75ea42c8a72b91d0887cc4f88efb4f32da7ac1be6e9376464875e42/pypandoc-0.9.8.tar.gz#sha256=83d92cb8daab5e5a73b81faa98055f85b1bb4f3fe17764343725027286b0c36a (from https://pypi.org/simple/pypandoc/), version: 0.9.8
    Found link https://files.pythonhosted.org/packages/19/91/b0920d87fe3975dd7de3fbc165596127176a2aa333dc1b05dde1242c80be/pypandoc-0.9.9.tar.gz#sha256=82b14ae04bab3e8db4c49d47ccc2a63f3a0fb9369b3671d8faedf219fb297095 (from https://pypi.org/simple/pypandoc/), version: 0.9.9
    Found link https://files.pythonhosted.org/packages/59/bf/1a017803fc78b2a6d0ea5ecec9f599ed4f7e98653f2a0a859d9410ab6e56/pypandoc-1.0.0.tar.gz#sha256=f79e0ef001df2a2b3ea52aea3a9cb58f04ba20a553089fef55ce9a7e35fcef9e (from https://pypi.org/simple/pypandoc/), version: 1.0.0
    Found link https://files.pythonhosted.org/packages/a9/2e/dc0adfe0883d4871dcc159de4d7cc632b204a31235a3696f8fe8b5729b5b/pypandoc-1.0.1.tar.gz#sha256=a844edf2a134adf812cd6fdca399e029a51deaa3ebe6fb0d1bbf78c5425ca3bd (from https://pypi.org/simple/pypandoc/), version: 1.0.1
    Found link https://files.pythonhosted.org/packages/e1/92/5f9da57ffa6b379d986f9b47473826c65c9fd9193a0d86c0453d8ff3860b/pypandoc-1.0.2.tar.gz#sha256=dc8e3084085fa370d88f3ff99232df13a8431edbf6c380e2680e13bf4a687f69 (from https://pypi.org/simple/pypandoc/), version: 1.0.2
    Found link https://files.pythonhosted.org/packages/5c/51/7ec70fdde92790123b215684e62aab7251cee33a43ee46293100d9ee2bc3/pypandoc-1.0.3.tar.gz#sha256=012f2b338aa7d55714ce900f27a092b4933465aef263baca63cb3c473c51edb6 (from https://pypi.org/simple/pypandoc/), version: 1.0.3
    Found link https://files.pythonhosted.org/packages/4a/7b/7eb4ace8d37de62d0d36dabf41c2d0cdeb777efb47baaa7aec9f4f472bb4/pypandoc-1.0.4.tar.gz#sha256=35ab232433dae48b3bfb5291bdc4e78f518ff9c1fb446d8879aed5e57ab9d013 (from https://pypi.org/simple/pypandoc/), version: 1.0.4
    Found link https://files.pythonhosted.org/packages/8e/71/a128bc441a623d056a5b21bf4272139dcadd2c429a6c1a45c7ab3c637118/pypandoc-1.0.5.tar.gz#sha256=4b5095c3f82ea667164e85b710ff851f9d00f4bf9e49911dbcc80dd712617649 (from https://pypi.org/simple/pypandoc/), version: 1.0.5
    Found link https://files.pythonhosted.org/packages/7b/12/a3442087da3d6dacd38c7e737b45189516ac36da0d07ac9800b7288a8ba3/pypandoc-1.1.0.tar.gz#sha256=d22207399d3d14617a23deccc4e5d800b84b0fdc676da8e578f179b8cbbd2a98 (from https://pypi.org/simple/pypandoc/), version: 1.1.0
    Found link https://files.pythonhosted.org/packages/89/85/edab2e90a3326f7be378d791f5e439a3b51e71ab5228a3426d0686e1527c/pypandoc-1.1.1-cp27-none-macosx_10_5_x86_64.whl#sha256=5556d893666ff4afea36d6694069dcf52550220b26b7bc54d1a81b26e4961769 (from https://pypi.org/simple/pypandoc/), version: 1.1.1
    Skipping link https://files.pythonhosted.org/packages/c1/89/b6444f562499043b3a2453a731bf8a9723399f71450743a7e8dfcf88270e/pypandoc-1.1.1-cp27-none-win32.whl#sha256=737e859dad0ea9b3784b916f56ed83f09897ba348472834e7d6e8d6acd0ae8bb (from https://pypi.org/simple/pypandoc/); it is not compatible with this Python
    Skipping link https://files.pythonhosted.org/packages/81/fd/4cf2c05a15a1fee9c9ef8df40093fb5858ebe4c0ec8b372cda8312706911/pypandoc-1.1.1-cp27-none-win_amd64.whl#sha256=6d029757ec6b9b25184388bd4bdb4db4c89839b2fec095d8dd1833992c5622a6 (from https://pypi.org/simple/pypandoc/); it is not compatible with this Python
    Skipping link https://files.pythonhosted.org/packages/2e/38/76f0b714164de65aedfd373f1c1d0514c2b54b35bba5a2e92c0fe2a460d7/pypandoc-1.1.1-cp34-cp34m-macosx_10_5_x86_64.whl#sha256=f5ec707240a05cb6613682bae10567b1856c63dac9d7d91b7287d207718ad697 (from https://pypi.org/simple/pypandoc/); it is not compatible with this Python
    Skipping link https://files.pythonhosted.org/packages/dc/3d/f37749564788ad2662ebbdd473c6c803cc93048dc2d695ded2958e8aea45/pypandoc-1.1.1-cp34-none-win32.whl#sha256=b90a5221e1012716134d01b7abde3749afed938c8e4af76f5d7ce61ee94d72c5 (from https://pypi.org/simple/pypandoc/); it is not compatible with this Python
    Skipping link https://files.pythonhosted.org/packages/7d/56/c046a6fb5f0b7d035423858af0ea5ac2c8035b59589bc30a4c37f4d0af4a/pypandoc-1.1.1-cp34-none-win_amd64.whl#sha256=c677e8004ae43806593924bbf1719291bc785e69f94109963797f36382ea24c8 (from https://pypi.org/simple/pypandoc/); it is not compatible with this Python
    Skipping link https://files.pythonhosted.org/packages/72/aa/008c364fe7b906ec3dbc860ec22227e4a6e19645414d7db9913c57f7210b/pypandoc-1.1.1-cp35-cp35m-macosx_10_5_x86_64.whl#sha256=e5fb460bf15b927d16723ff3525062d8472c26587f112dd69c0bcd252d157dc4 (from https://pypi.org/simple/pypandoc/); it is not compatible with this Python
    Found link https://files.pythonhosted.org/packages/b9/00/e8a58ef2d3ef9278f299fab160f1dfea0757edc57164a2c74800d925545a/pypandoc-1.1.1.zip#sha256=4b974bf3e6d38b00bb49c2c6f175931e96f382b531f8bae1d24cc2bd15727321 (from https://pypi.org/simple/pypandoc/), version: 1.1.1
    Found link https://files.pythonhosted.org/packages/81/3c/2879a41945194f1eac700bd03e467c7ea46b04d9d2e899ef820700b62f8c/pypandoc-1.1.2-cp27-none-macosx_10_5_x86_64.whl#sha256=e403f16cac74dfa8dc2adc5d776041f65cbeec0f37edb75953439205c5157c92 (from https://pypi.org/simple/pypandoc/), version: 1.1.2
    Skipping link https://files.pythonhosted.org/packages/5c/6b/cdbba7df6dd4d117054db6fc039c38464d08144d467fe0f92f02e20bd575/pypandoc-1.1.2-cp27-none-win32.whl#sha256=cce2e77be1a67b4f4be674cc14256f2bb59b3b4ea4bd63f0c5fdda64555b2d62 (from https://pypi.org/simple/pypandoc/); it is not compatible with this Python
    Skipping link https://files.pythonhosted.org/packages/e6/44/c463198cfc2c2f502357aebb3a7921e65eaf4b54bc86a6033d1d1d99f7cb/pypandoc-1.1.2-cp27-none-win_amd64.whl#sha256=dc87e1000b4ae00ef3a6418ee2fb2e742976963bf9016eb9566d0f792930f551 (from https://pypi.org/simple/pypandoc/); it is not compatible with this Python
    Skipping link https://files.pythonhosted.org/packages/74/a9/2fd38285ead2925f3a437b3067c0ffe858d0e49cbfef1a80e9c7fa6655b0/pypandoc-1.1.2-cp34-cp34m-macosx_10_5_x86_64.whl#sha256=4552b322dc0defec897b3f3a10dc6877ce0ae095cde9908458e0390f488872c1 (from https://pypi.org/simple/pypandoc/); it is not compatible with this Python
    Skipping link https://files.pythonhosted.org/packages/ac/cf/a9e8632baf2f9e79f8bf224fc540756916a0190224067ddb35f7cb6d9ff7/pypandoc-1.1.2-cp34-none-win32.whl#sha256=fc8b488312d63e10d906fa222b0d84feaf70cab1b687f1509b90a6f1671ce5f0 (from https://pypi.org/simple/pypandoc/); it is not compatible with this Python
    Skipping link https://files.pythonhosted.org/packages/7b/c0/8dbfc10c7224d544e3ce3d1815d872604675d069dbb10fb9c70cf7b0b2b5/pypandoc-1.1.2-cp34-none-win_amd64.whl#sha256=86a22a0205e66435553f9d1d0fb493ec699ff918e53067b483fa49ce053ea0a4 (from https://pypi.org/simple/pypandoc/); it is not compatible with this Python
    Skipping link https://files.pythonhosted.org/packages/d5/e0/df107971bed75d61b23c07db8ddfc284ecd42f7d6efbdb453c8c726863c1/pypandoc-1.1.2-cp35-cp35m-macosx_10_5_x86_64.whl#sha256=882a4f3b81ba4a1508000c39764ee2c44432afc888235d77d54cbbd1ce253f70 (from https://pypi.org/simple/pypandoc/); it is not compatible with this Python
    Skipping link https://files.pythonhosted.org/packages/53/13/8db2b76b0f4082e69cfeb73c4920c10b48a19529fa2634ed31ebddb9051f/pypandoc-1.1.2-cp35-none-win_amd64.whl#sha256=72652a2029f164f7ca91429d7aee6a83a94636396164208fcfade98a643b884b (from https://pypi.org/simple/pypandoc/); it is not compatible with this Python
    Found link https://files.pythonhosted.org/packages/ce/2a/4f64c1269842b0cf037cb07fc9a018e58328a981907e604a3be1733b8085/pypandoc-1.1.2.zip#sha256=54f0b4d3be57d2f7f7ff7baff9ac9648e0de092f136d647a804fce0734d0b17c (from https://pypi.org/simple/pypandoc/), version: 1.1.2
    Found link https://files.pythonhosted.org/packages/86/00/842d46211676cb2e55eada357e3bc3eb935e8b6398ff64b8c287932d646f/pypandoc-1.1.3-cp27-none-macosx_10_5_x86_64.whl#sha256=9db897b598a06ef68dadc70c10d0fb8b399d03b33c993bee4f5e10273d0834e8 (from https://pypi.org/simple/pypandoc/), version: 1.1.3
    Skipping link https://files.pythonhosted.org/packages/46/e3/52e82cabbb38999c3828ac4f2e2aadd9bbeb26ae4cc153716ebc0eb3976a/pypandoc-1.1.3-cp27-none-win32.whl#sha256=d22d376039005098d95693aa47f8ce9dba9a62947c2a45102362c911a390d833 (from https://pypi.org/simple/pypandoc/); it is not compatible with this Python
    Skipping link https://files.pythonhosted.org/packages/72/73/eb68763d79808ab97c22b9449185d14f1e5bf10758ad9109ee3537004bb0/pypandoc-1.1.3-cp27-none-win_amd64.whl#sha256=eef7e5e22da384b48281cf93eb7242118d96f00a32b67f962ce024a30914bfde (from https://pypi.org/simple/pypandoc/); it is not compatible with this Python
    Skipping link https://files.pythonhosted.org/packages/c4/8f/863dd21dafc5bffe884ca45a9f8c81924605795cf49802e847ef9251a18f/pypandoc-1.1.3-cp34-cp34m-macosx_10_5_x86_64.whl#sha256=28dbf52a44a5b931a29c3d7dd2dc1907c83f19ea3c4c60378ae5f9648db2ebc9 (from https://pypi.org/simple/pypandoc/); it is not compatible with this Python
    Skipping link https://files.pythonhosted.org/packages/27/8c/bf094382bc882fc760b8173c864a0d31c06322ca9c423ba51beb238e8ec2/pypandoc-1.1.3-cp34-none-win32.whl#sha256=96de3ecf99155028d633507a75f1937bc007055183ec425f3419cf179e3cc92d (from https://pypi.org/simple/pypandoc/); it is not compatible with this Python
    Skipping link https://files.pythonhosted.org/packages/6d/92/fb9af261d4cc3f441b42c2c410afa3b3391dcb41d8745c3219b26e1b9e8a/pypandoc-1.1.3-cp34-none-win_amd64.whl#sha256=92c2f48779f8c524f9da8cc4f974e5c72dc9cb1cb562e36116e977a7a91c28fb (from https://pypi.org/simple/pypandoc/); it is not compatible with this Python
    Found link https://files.pythonhosted.org/packages/41/68/e985491370cc44a063ac5c70232bf72d7675fa7539a86fa7fa08257bda05/pypandoc-1.1.3.zip#sha256=ed2048a655f7bd2f80dc84d9fd81df113c78f3b31aca68dae17c1100a2c05569 (from https://pypi.org/simple/pypandoc/), version: 1.1.3
    Found link https://files.pythonhosted.org/packages/e2/aa/156253072c8fe2b4d90da455a964ed82504d11b6f816536ad11de8406fa9/pypandoc-1.2.0.zip#sha256=752a79884cc7be4df028d805a087a8af84c333fed5c7eeedf01e28e06f7eb5eb (from https://pypi.org/simple/pypandoc/), version: 1.2.0
    Skipping link https://files.pythonhosted.org/packages/dd/ef/7cf9d03a205a556843b42f86b701e46f25832d73965cc5df2ba37eaf4c28/pypandoc-1.3.0-py2-none-win_amd64.whl#sha256=d5b63e5d2d3913de0904630169a930afe6bae597dd684809a1ac8cef227ab6b5 (from https://pypi.org/simple/pypandoc/); it is not compatible with this Python
    Skipping link https://files.pythonhosted.org/packages/ff/0d/d9e18b5d7c312b13bd018afcc294fad202a558faed8a557ad956362e7c01/pypandoc-1.3.0-py3-none-win_amd64.whl#sha256=97e13077a831d85638ee83604f31df0608555f4d76f3a022c6d98f988c9940cf (from https://pypi.org/simple/pypandoc/); it is not compatible with this Python
    Found link https://files.pythonhosted.org/packages/36/55/edb1114966ba9fd1e249c7eccc3727e5643291cd52f571ee463a09a26d9f/pypandoc-1.3.0.tar.gz#sha256=1eb42b8ea58dfe6938154650c7ce5afb80474bf95d25eaaef38e03e52a665ad5 (from https://pypi.org/simple/pypandoc/), version: 1.3.0
    Found link https://files.pythonhosted.org/packages/e2/81/c9cb67ea0e22e198fc8514f4346681f468f75251abe1b41709c0b94db83b/pypandoc-1.3.1.tar.gz#sha256=2dd3cdf7fc59a89ba660016e8c2341e3b8dbc36acc7fbd4d7c8d64b2ee855dd8 (from https://pypi.org/simple/pypandoc/), version: 1.3.1
    Skipping link https://files.pythonhosted.org/packages/6c/9e/e8f9d4f3ee6bcd02a91f2af7e8410dd09bbc00cdd0f6d6574ca83fbc4b6b/pypandoc-1.3.3-py2-none-win_amd64.whl#sha256=fc4b59da9d276c1445017de06a2c5aa6274039e9db247b2b4352bc706226b443 (from https://pypi.org/simple/pypandoc/); it is not compatible with this Python
    Skipping link https://files.pythonhosted.org/packages/15/b7/1a27b278bd70f9626570d148af57442a41064fd87fa62aafc53d74a36b3f/pypandoc-1.3.3-py3-none-win_amd64.whl#sha256=d7a41d6cd1149329f1f06f05d325baaaf00acf9a6e7506c66106f7368235c556 (from https://pypi.org/simple/pypandoc/); it is not compatible with this Python
    Found link https://files.pythonhosted.org/packages/68/6d/4f8ff7661e13f5038bafe1e7d8c4c2a0fb83f3fbe590de16da9405af0dc7/pypandoc-1.3.3.tar.gz#sha256=a6fea20b895bfa3f5b32bec541fde3708843ff73a10877a1ad113f62a7704818 (from https://pypi.org/simple/pypandoc/), version: 1.3.3
    Found link https://files.pythonhosted.org/packages/71/81/00184643e5a10a456b4118fc12c96780823adb8ed974eb2289f29703b29b/pypandoc-1.4.tar.gz#sha256=e914e6d5f84a76764887e4d909b09d63308725f0cbb5293872c2c92f07c11a5b (from https://pypi.org/simple/pypandoc/), version: 1.4
  Using version 1.3.3 (newest of versions: 1.3.0, 1.3.1, 1.3.3)
  Using cached wheel link: file:///Users/uvakalapudi/Library/Caches/pip/wheels/45/52/0c/02a859cf8ad74962f6d6399d5b8b186472895f66bb5bb23cdd/pypandoc-1.3.3-cp27-none-any.whl
Requirement already satisfied: pip>=8.1.0 in ./mypyenv/lib/python2.7/site-packages (from pypandoc~=1.3.0) (10.0.1)
Requirement already satisfied: wheel>=0.25.0 in ./mypyenv/lib/python2.7/site-packages (from pypandoc~=1.3.0) (0.33.6)
Requirement already satisfied: setuptools in ./mypyenv/lib/python2.7/site-packages (from pypandoc~=1.3.0) (39.0.1)
Installing collected packages: pypandoc

Successfully installed pypandoc-1.3.3
Cleaning up...
